2026-06-19 22:37:24:3724 [31merror[39m: [31m[API ERROR] Path: /api/v1/super-admin/dashboard - Msg: Invalid or expired access token: jwt expired[39m
2026-06-19 22:37:24:3724 [31merror[39m: [31m[API ERROR] Path: /api/v1/super-admin/dashboard - Msg: Invalid or expired access token: jwt expired[39m
2026-06-19 22:37:28:3728 [31merror[39m: [31m[API ERROR] Path: /api/v1/super-admin/users - Msg: Invalid or expired access token: jwt expired[39m
2026-06-19 22:37:28:3728 [31merror[39m: [31m[API ERROR] Path: /api/v1/super-admin/users - Msg: Invalid or expired access token: jwt expired[39m
2026-06-19 22:37:29:3729 [31merror[39m: [31m[API ERROR] Path: /api/v1/super-admin/settings - Msg: Invalid or expired access token: jwt expired[39m
2026-06-19 22:37:29:3729 [31merror[39m: [31m[API ERROR] Path: /api/v1/super-admin/settings - Msg: Invalid or expired access token: jwt expired[39m
2026-06-19 22:37:31:3731 [31merror[39m: [31m[API ERROR] Path: /api/v1/super-admin/dashboard - Msg: Invalid or expired access token: jwt expired[39m
2026-06-19 22:37:31:3731 [31merror[39m: [31m[API ERROR] Path: /api/v1/super-admin/dashboard - Msg: Invalid or expired access token: jwt expired[39m
2026-06-19 22:37:42:3742 [31merror[39m: [31m[API ERROR] Path: /api/v1/auth/logout - Msg: Invalid or expired access token: jwt expired[39m
2026-06-19 22:59:48:5948 [31merror[39m: [31m[API ERROR] Path: /api/v1/super-admin/sessions - Msg: Invalid or expired access token: jwt expired[39m
2026-06-19 22:59:48:5948 [31merror[39m: [31m[API ERROR] Path: /api/v1/super-admin/sessions - Msg: Invalid or expired access token: jwt expired[39m
2026-06-19 22:59:49:5949 [31merror[39m: [31m[API ERROR] Path: /api/v1/super-admin/classes - Msg: Invalid or expired access token: jwt expired[39m
2026-06-19 22:59:49:5949 [31merror[39m: [31m[API ERROR] Path: /api/v1/super-admin/classes - Msg: Invalid or expired access token: jwt expired[39m
2026-06-19 22:59:50:5950 [31merror[39m: [31m[API ERROR] Path: /api/v1/super-admin/classes - Msg: Invalid or expired access token: jwt expired[39m
2026-06-19 22:59:50:5950 [31merror[39m: [31m[API ERROR] Path: /api/v1/super-admin/sections - Msg: Invalid or expired access token: jwt expired[39m
2026-06-19 22:59:50:5950 [31merror[39m: [31m[API ERROR] Path: /api/v1/super-admin/sections - Msg: Invalid or expired access token: jwt expired[39m
2026-06-19 22:59:50:5950 [31merror[39m: [31m[API ERROR] Path: /api/v1/super-admin/classes - Msg: Invalid or expired access token: jwt expired[39m
2026-06-19 22:59:51:5951 [31merror[39m: [31m[API ERROR] Path: /api/v1/super-admin/classes - Msg: Invalid or expired access token: jwt expired[39m
2026-06-19 22:59:51:5951 [31merror[39m: [31m[API ERROR] Path: /api/v1/super-admin/subjects - Msg: Invalid or expired access token: jwt expired[39m
2026-06-19 22:59:51:5951 [31merror[39m: [31m[API ERROR] Path: /api/v1/super-admin/classes - Msg: Invalid or expired access token: jwt expired[39m
2026-06-19 22:59:51:5951 [31merror[39m: [31m[API ERROR] Path: /api/v1/super-admin/subjects - Msg: Invalid or expired access token: jwt expired[39m
2026-06-19 22:59:51:5951 [31merror[39m: [31m[API ERROR] Path: /api/v1/super-admin/settings - Msg: Invalid or expired access token: jwt expired[39m
2026-06-19 22:59:51:5951 [31merror[39m: [31m[API ERROR] Path: /api/v1/super-admin/settings - Msg: Invalid or expired access token: jwt expired[39m
2026-06-19 23:02:13:213 [31merror[39m: [31m[API ERROR] Path: /api/v1/super-admin/classes - Msg: Invalid or expired access token: jwt expired[39m
2026-06-19 23:02:13:213 [31merror[39m: [31m[API ERROR] Path: /api/v1/super-admin/subjects - Msg: Invalid or expired access token: jwt expired[39m
2026-06-19 23:02:13:213 [31merror[39m: [31m[API ERROR] Path: /api/v1/super-admin/classes - Msg: Invalid or expired access token: jwt expired[39m
2026-06-19 23:02:13:213 [31merror[39m: [31m[API ERROR] Path: /api/v1/super-admin/subjects - Msg: Invalid or expired access token: jwt expired[39m
2026-06-19 23:02:20:220 [31merror[39m: [31m[API ERROR] Path: /api/v1/super-admin/classes - Msg: Invalid or expired access token: jwt expired[39m
2026-06-19 23:02:20:220 [31merror[39m: [31m[API ERROR] Path: /api/v1/super-admin/classes - Msg: Invalid or expired access token: jwt expired[39m
2026-06-19 23:02:57:257 [31merror[39m: [31m[API ERROR] Path: /api/v1/super-admin/classes - Msg: Invalid or expired access token: jwt expired[39m
2026-06-19 23:02:58:258 [31merror[39m: [31m[API ERROR] Path: /api/v1/super-admin/classes - Msg: Invalid or expired access token: jwt expired[39m
2026-06-19 23:03:01:31 [31merror[39m: [31m[API ERROR] Path: /api/v1/super-admin/sessions - Msg: Invalid or expired access token: jwt expired[39m
2026-06-19 23:03:01:31 [31merror[39m: [31m[API ERROR] Path: /api/v1/super-admin/sessions - Msg: Invalid or expired access token: jwt expired[39m
2026-06-19 23:03:13:313 [31merror[39m: [31m[API ERROR] Path: /api/v1/super-admin/users - Msg: Invalid or expired access token: jwt expired[39m
2026-06-19 23:03:13:313 [31merror[39m: [31m[API ERROR] Path: /api/v1/super-admin/users - Msg: Invalid or expired access token: jwt expired[39m
2026-06-19 23:03:29:329 [31merror[39m: [31m[API ERROR] Path: /api/v1/super-admin/users - Msg: Invalid or expired access token: jwt expired[39m
2026-06-19 23:16:37:1637 [31merror[39m: [31m[API ERROR] Path: /api/v1/super-admin/sessions - Msg: Invalid or expired access token: jwt expired[39m
2026-06-19 23:16:37:1637 [31merror[39m: [31m[API ERROR] Path: /api/v1/super-admin/sessions - Msg: Invalid or expired access token: jwt expired[39m
2026-06-19 23:16:38:1638 [31merror[39m: [31m[API ERROR] Path: /api/v1/super-admin/classes - Msg: Invalid or expired access token: jwt expired[39m
2026-06-19 23:16:38:1638 [31merror[39m: [31m[API ERROR] Path: /api/v1/super-admin/classes - Msg: Invalid or expired access token: jwt expired[39m
2026-06-19 23:16:39:1639 [31merror[39m: [31m[API ERROR] Path: /api/v1/super-admin/classes - Msg: Invalid or expired access token: jwt expired[39m
2026-06-19 23:16:39:1639 [31merror[39m: [31m[API ERROR] Path: /api/v1/super-admin/classes - Msg: Invalid or expired access token: jwt expired[39m
2026-06-19 23:16:39:1639 [31merror[39m: [31m[API ERROR] Path: /api/v1/super-admin/sections - Msg: Invalid or expired access token: jwt expired[39m
2026-06-19 23:16:39:1639 [31merror[39m: [31m[API ERROR] Path: /api/v1/super-admin/sections - Msg: Invalid or expired access token: jwt expired[39m
2026-06-19 23:16:39:1639 [31merror[39m: [31m[API ERROR] Path: /api/v1/super-admin/classes - Msg: Invalid or expired access token: jwt expired[39m
2026-06-19 23:16:39:1639 [31merror[39m: [31m[API ERROR] Path: /api/v1/super-admin/classes - Msg: Invalid or expired access token: jwt expired[39m
2026-06-19 23:16:39:1639 [31merror[39m: [31m[API ERROR] Path: /api/v1/super-admin/subjects - Msg: Invalid or expired access token: jwt expired[39m
2026-06-19 23:16:39:1639 [31merror[39m: [31m[API ERROR] Path: /api/v1/super-admin/subjects - Msg: Invalid or expired access token: jwt expired[39m
2026-06-19 23:16:40:1640 [31merror[39m: [31m[API ERROR] Path: /api/v1/super-admin/settings - Msg: Invalid or expired access token: jwt expired[39m
2026-06-19 23:16:40:1640 [31merror[39m: [31m[API ERROR] Path: /api/v1/super-admin/settings - Msg: Invalid or expired access token: jwt expired[39m
2026-06-19 23:16:45:1645 [31merror[39m: [31m[API ERROR] Path: /api/v1/super-admin/sections - Msg: Invalid or expired access token: jwt expired[39m
2026-06-19 23:16:45:1645 [31merror[39m: [31m[API ERROR] Path: /api/v1/super-admin/classes - Msg: Invalid or expired access token: jwt expired[39m
2026-06-19 23:16:45:1645 [31merror[39m: [31m[API ERROR] Path: /api/v1/super-admin/sections - Msg: Invalid or expired access token: jwt expired[39m
2026-06-19 23:16:45:1645 [31merror[39m: [31m[API ERROR] Path: /api/v1/super-admin/classes - Msg: Invalid or expired access token: jwt expired[39m
2026-06-19 23:21:59:2159 [31merror[39m: [31m[API ERROR] Path: /api/v1/super-admin/classes - Msg: Invalid or expired access token: jwt expired[39m
2026-06-19 23:21:59:2159 [31merror[39m: [31m[API ERROR] Path: /api/v1/super-admin/subjects - Msg: Invalid or expired access token: jwt expired[39m
2026-06-19 23:21:59:2159 [31merror[39m: [31m[API ERROR] Path: /api/v1/super-admin/classes - Msg: Invalid or expired access token: jwt expired[39m
2026-06-19 23:21:59:2159 [31merror[39m: [31m[API ERROR] Path: /api/v1/super-admin/subjects - Msg: Invalid or expired access token: jwt expired[39m
2026-06-19 23:22:00:220 [31merror[39m: [31m[API ERROR] Path: /api/v1/super-admin/classes - Msg: Invalid or expired access token: jwt expired[39m
2026-06-19 23:22:00:220 [31merror[39m: [31m[API ERROR] Path: /api/v1/super-admin/sections - Msg: Invalid or expired access token: jwt expired[39m
2026-06-19 23:22:00:220 [31merror[39m: [31m[API ERROR] Path: /api/v1/super-admin/sections - Msg: Invalid or expired access token: jwt expired[39m
2026-06-19 23:22:00:220 [31merror[39m: [31m[API ERROR] Path: /api/v1/super-admin/classes - Msg: Invalid or expired access token: jwt expired[39m
2026-06-19 23:22:01:221 [31merror[39m: [31m[API ERROR] Path: /api/v1/super-admin/classes - Msg: Invalid or expired access token: jwt expired[39m
2026-06-19 23:22:01:221 [31merror[39m: [31m[API ERROR] Path: /api/v1/super-admin/classes - Msg: Invalid or expired access token: jwt expired[39m
2026-06-19 23:22:01:221 [31merror[39m: [31m[API ERROR] Path: /api/v1/super-admin/sessions - Msg: Invalid or expired access token: jwt expired[39m
2026-06-19 23:22:01:221 [31merror[39m: [31m[API ERROR] Path: /api/v1/super-admin/sessions - Msg: Invalid or expired access token: jwt expired[39m
2026-06-19 23:22:02:222 [31merror[39m: [31m[API ERROR] Path: /api/v1/super-admin/users - Msg: Invalid or expired access token: jwt expired[39m
2026-06-19 23:22:02:222 [31merror[39m: [31m[API ERROR] Path: /api/v1/super-admin/users - Msg: Invalid or expired access token: jwt expired[39m
2026-06-19 23:22:03:223 [31merror[39m: [31m[API ERROR] Path: /api/v1/super-admin/dashboard - Msg: Invalid or expired access token: jwt expired[39m
2026-06-19 23:22:03:223 [31merror[39m: [31m[API ERROR] Path: /api/v1/super-admin/dashboard - Msg: Invalid or expired access token: jwt expired[39m
2026-06-19 23:22:04:224 [31merror[39m: [31m[API ERROR] Path: /api/v1/super-admin/classes - Msg: Invalid or expired access token: jwt expired[39m
2026-06-19 23:22:04:224 [31merror[39m: [31m[API ERROR] Path: /api/v1/super-admin/classes - Msg: Invalid or expired access token: jwt expired[39m
2026-06-19 23:22:04:224 [31merror[39m: [31m[API ERROR] Path: /api/v1/super-admin/subjects - Msg: Invalid or expired access token: jwt expired[39m
2026-06-19 23:22:04:224 [31merror[39m: [31m[API ERROR] Path: /api/v1/super-admin/subjects - Msg: Invalid or expired access token: jwt expired[39m
2026-06-19 23:22:05:225 [31merror[39m: [31m[API ERROR] Path: /api/v1/super-admin/settings - Msg: Invalid or expired access token: jwt expired[39m
2026-06-19 23:22:05:225 [31merror[39m: [31m[API ERROR] Path: /api/v1/super-admin/settings - Msg: Invalid or expired access token: jwt expired[39m
2026-06-19 23:22:21:2221 [31merror[39m: [31m[API ERROR] Path: /api/v1/auth/logout - Msg: Invalid or expired access token: jwt expired[39m
2026-06-19 23:39:38:3938 [31merror[39m: [31m[API ERROR] Path: /api/v1/super-admin/dashboard - Msg: Invalid or expired access token: jwt expired[39m
2026-06-19 23:42:05:425 [31merror[39m: [31m[API ERROR] Path: /api/v1/super-admin/dashboard - Msg: Invalid or expired access token: jwt expired[39m
2026-06-19 23:42:05:425 [31merror[39m: [31m[API ERROR] Path: /api/v1/super-admin/dashboard - Msg: Invalid or expired access token: jwt expired[39m
2026-06-20 00:06:18:618 [31merror[39m: [31m[API ERROR] Path: /api/v1/super-admin/settings - Msg: Invalid or expired access token: jwt expired[39m
2026-06-20 00:06:18:618 [31merror[39m: [31m[API ERROR] Path: /api/v1/super-admin/settings - Msg: Invalid or expired access token: jwt expired[39m
2026-06-20 00:09:11:911 [31merror[39m: [31m[API ERROR] Path: /api/v1/super-admin/users - Msg: AccountantProfile validation failed: employeeId: Path `employeeId` is required.[39m
2026-06-20 00:15:43:1543 [31merror[39m: [31m[API ERROR] Path: /api/v1/super-admin/classes - Msg: Class with this name or code already exists.[39m
2026-06-22 22:33:37:3337 [31merror[39m: [31m[API ERROR] Path: /api/v1/super-admin/dashboard - Msg: Invalid or expired access token: jwt expired[39m
2026-06-22 22:33:37:3337 [31merror[39m: [31m[API ERROR] Path: /api/v1/super-admin/dashboard - Msg: Invalid or expired access token: jwt expired[39m
2026-06-22 22:53:54:5354 [31merror[39m: [31m[API ERROR] Path: /api/v1/super-admin/users - Msg: Invalid or expired access token: jwt expired[39m
2026-06-22 22:53:54:5354 [31merror[39m: [31m[API ERROR] Path: /api/v1/super-admin/users - Msg: Invalid or expired access token: jwt expired[39m
2026-06-22 23:13:48:1348 [31merror[39m: [31m[API ERROR] Path: /api/v1/super-admin/users - Msg: Invalid or expired access token: jwt expired[39m
2026-06-22 23:13:48:1348 [31merror[39m: [31m[API ERROR] Path: /api/v1/super-admin/users - Msg: Invalid or expired access token: jwt expired[39m
2026-06-22 23:38:11:3811 [31merror[39m: [31m[API ERROR] Path: /api/v1/super-admin/users - Msg: Invalid or expired access token: jwt expired[39m
2026-06-22 23:38:11:3811 [31merror[39m: [31m[API ERROR] Path: /api/v1/super-admin/users - Msg: Invalid or expired access token: jwt expired[39m
2026-06-22 23:39:07:397 [31merror[39m: [31m[API ERROR] Path: /api/v1/super-admin/users - Msg: AccountantProfile validation failed: employeeId: Path `employeeId` is required.[39m
2026-06-22 23:57:39:5739 [31merror[39m: [31m[API ERROR] Path: /api/v1/super-admin/users - Msg: Invalid or expired access token: jwt expired[39m
2026-06-22 23:58:46:5846 [31merror[39m: [31m[API ERROR] Path: /api/v1/super-admin/users - Msg: FacultyProfile validation failed: employeeId: Path `employeeId` is required., designation: Path `designation` is required., department: Path `department` is required., qualification: Path `qualification` is required.[39m
2026-06-22 23:58:54:5854 [31merror[39m: [31m[API ERROR] Path: /api/v1/super-admin/users - Msg: A user with this email already exists.[39m
2026-06-22 23:59:01:591 [31merror[39m: [31m[API ERROR] Path: /api/v1/super-admin/users - Msg: A user with this email already exists.[39m
2026-06-23 00:04:26:426 [31merror[39m: [31m[API ERROR] Path: /api/v1/super-admin/users - Msg: Validation failed[39m
2026-06-23 00:04:28:428 [31merror[39m: [31m[API ERROR] Path: /api/v1/super-admin/users - Msg: Validation failed[39m
2026-06-23 00:19:06:196 [31merror[39m: [31m[API ERROR] Path: /api/v1/super-admin/users - Msg: Invalid or expired access token: jwt expired[39m
2026-06-23 00:19:06:196 [31merror[39m: [31m[API ERROR] Path: /api/v1/super-admin/users - Msg: Invalid or expired access token: jwt expired[39m
2026-06-23 00:20:12:2012 [31merror[39m: [31m[API ERROR] Path: /api/v1/super-admin/users - Msg: FacultyProfile validation failed: employeeId: Path `employeeId` is required., designation: Path `designation` is required., department: Path `department` is required., qualification: Path `qualification` is required.[39m
2026-06-29 20:59:07:597 [31merror[39m: [31m[API ERROR] Path: /api/v1/super-admin/dashboard - Msg: Invalid or expired access token: jwt expired[39m
2026-06-29 20:59:07:597 [31merror[39m: [31m[API ERROR] Path: /api/v1/super-admin/dashboard - Msg: Invalid or expired access token: jwt expired[39m
2026-06-29 22:29:44:2944 [31merror[39m: [31m[API ERROR] Path: /api/v1/super-admin/users - Msg: Invalid or expired access token: jwt expired[39m
2026-06-29 22:29:44:2944 [31merror[39m: [31m[API ERROR] Path: /api/v1/super-admin/users - Msg: Invalid or expired access token: jwt expired[39m
2026-06-29 22:37:34:3734 [31merror[39m: [31mUNCAUGHT EXCEPTION! Server shutting down... Error: listen EADDRINUSE: address already in use :::5000[39m
2026-06-29 22:51:28:5128 [31merror[39m: [31m[API ERROR] Path: /api/v1/super-admin/users - Msg: Invalid or expired access token: jwt expired[39m
2026-06-29 22:51:28:5128 [31merror[39m: [31m[API ERROR] Path: /api/v1/super-admin/users - Msg: Invalid or expired access token: jwt expired[39m
2026-06-29 22:51:28:5128 [31merror[39m: [31m[API ERROR] Path: /api/v1/super-admin/dashboard - Msg: Invalid or expired access token: jwt expired[39m
2026-06-29 22:51:28:5128 [31merror[39m: [31m[API ERROR] Path: /api/v1/super-admin/dashboard - Msg: Invalid or expired access token: jwt expired[39m
2026-06-29 22:53:00:530 [31merror[39m: [31m[API ERROR] Path: /api/v1/super-admin/users - Msg: AccountantProfile validation failed: employeeId: Path `employeeId` is required.[39m
2026-06-29 22:56:44:5644 [31merror[39m: [31mUNCAUGHT EXCEPTION! Server shutting down... Error: listen EADDRINUSE: address already in use :::5000[39m
2026-06-29 22:56:53:5653 [31merror[39m: [31mUNCAUGHT EXCEPTION! Server shutting down... Error: listen EADDRINUSE: address already in use :::5000[39m
2026-06-29 22:58:36:5836 [31merror[39m: [31mUNCAUGHT EXCEPTION! Server shutting down... Error: listen EADDRINUSE: address already in use :::5000[39m
2026-06-29 23:02:27:227 [31merror[39m: [31m[API ERROR] Path: /api/v1/super-admin/users - Msg: A user with this username already exists.[39m
2026-06-29 23:07:05:75 [31merror[39m: [31m[API ERROR] Path: /api/v1/super-admin/users - Msg: Invalid or expired access token: jwt expired[39m
2026-06-29 23:23:17:2317 [31merror[39m: [31m[API ERROR] Path: /api/v1/super-admin/sessions - Msg: Invalid or expired access token: jwt expired[39m
2026-06-29 23:23:17:2317 [31merror[39m: [31m[API ERROR] Path: /api/v1/super-admin/sessions - Msg: Invalid or expired access token: jwt expired[39m
2026-06-30 00:38:19:3819 [31merror[39m: [31m[API ERROR] Path: /api/v1/super-admin/profiles/students - Msg: Invalid or expired access token: jwt expired[39m
2026-06-30 00:38:19:3819 [31merror[39m: [31m[API ERROR] Path: /api/v1/super-admin/profiles/students - Msg: Invalid or expired access token: jwt expired[39m
2026-06-30 00:38:19:3819 [31merror[39m: [31m[API ERROR] Path: /api/v1/super-admin/profiles/users/role/STUDENT - Msg: Invalid or expired access token: jwt expired[39m
2026-06-30 00:38:19:3819 [31merror[39m: [31m[API ERROR] Path: /api/v1/super-admin/profiles/users/role/PARENT - Msg: Invalid or expired access token: jwt expired[39m
2026-06-30 00:38:19:3819 [31merror[39m: [31m[API ERROR] Path: /api/v1/super-admin/classes - Msg: Invalid or expired access token: jwt expired[39m
2026-06-30 00:38:19:3819 [31merror[39m: [31m[API ERROR] Path: /api/v1/super-admin/sections - Msg: Invalid or expired access token: jwt expired[39m
2026-06-30 00:38:19:3819 [31merror[39m: [31m[API ERROR] Path: /api/v1/super-admin/profiles/users/role/STUDENT - Msg: Invalid or expired access token: jwt expired[39m
2026-06-30 00:38:19:3819 [31merror[39m: [31m[API ERROR] Path: /api/v1/super-admin/profiles/users/role/PARENT - Msg: Invalid or expired access token: jwt expired[39m
2026-06-30 00:38:19:3819 [31merror[39m: [31m[API ERROR] Path: /api/v1/super-admin/classes - Msg: Invalid or expired access token: jwt expired[39m
2026-06-30 00:38:19:3819 [31merror[39m: [31m[API ERROR] Path: /api/v1/super-admin/sessions - Msg: Invalid or expired access token: jwt expired[39m
2026-06-30 00:38:19:3819 [31merror[39m: [31m[API ERROR] Path: /api/v1/super-admin/sections - Msg: Invalid or expired access token: jwt expired[39m
2026-06-30 00:38:19:3819 [31merror[39m: [31m[API ERROR] Path: /api/v1/super-admin/sessions - Msg: Invalid or expired access token: jwt expired[39m
2026-06-30 23:32:53:3253 [31merror[39m: [31m[API ERROR] Path: /api/v1/super-admin/dashboard - Msg: Invalid or expired access token: jwt expired[39m
2026-06-30 23:32:53:3253 [31merror[39m: [31m[API ERROR] Path: /api/v1/super-admin/dashboard - Msg: Invalid or expired access token: jwt expired[39m
2026-06-30 23:51:53:5153 [31merror[39m: [31m[API ERROR] Path: /api/v1/super-admin/dashboard - Msg: Invalid or expired access token: jwt expired[39m
2026-06-30 23:51:53:5153 [31merror[39m: [31m[API ERROR] Path: /api/v1/super-admin/dashboard - Msg: Invalid or expired access token: jwt expired[39m
2026-07-01 00:44:39:4439 [31merror[39m: [31m[API ERROR] Path: /api/v1/super-admin/users - Msg: Invalid or expired access token: jwt expired[39m
2026-07-01 00:44:39:4439 [31merror[39m: [31m[API ERROR] Path: /api/v1/super-admin/users - Msg: Invalid or expired access token: jwt expired[39m
2026-07-01 20:21:37:2137 [31merror[39m: [31m[API ERROR] Path: /api/v1/super-admin/dashboard - Msg: Invalid or expired access token: jwt expired[39m
2026-07-01 20:21:37:2137 [31merror[39m: [31m[API ERROR] Path: /api/v1/super-admin/dashboard - Msg: Invalid or expired access token: jwt expired[39m
2026-07-01 20:36:49:3649 [31merror[39m: [31m[API ERROR] Path: /api/v1/super-admin/profiles/admins - Msg: Invalid or expired access token: jwt expired[39m
2026-07-01 20:36:49:3649 [31merror[39m: [31m[API ERROR] Path: /api/v1/super-admin/profiles/admins - Msg: Invalid or expired access token: jwt expired[39m
2026-07-01 20:36:50:3650 [31merror[39m: [31m[API ERROR] Path: /api/v1/super-admin/profiles/users/role/ADMIN - Msg: Invalid or expired access token: jwt expired[39m
2026-07-01 20:36:50:3650 [31merror[39m: [31m[API ERROR] Path: /api/v1/super-admin/profiles/users/role/ADMIN - Msg: Invalid or expired access token: jwt expired[39m
2026-07-01 20:52:15:5215 [31merror[39m: [31m[API ERROR] Path: /api/v1/super-admin/users - Msg: Invalid or expired access token: jwt expired[39m
2026-07-01 21:11:22:1122 [31merror[39m: [31m[API ERROR] Path: /api/v1/super-admin/profiles/faculty - Msg: Invalid or expired access token: jwt expired[39m
2026-07-01 21:11:22:1122 [31merror[39m: [31m[API ERROR] Path: /api/v1/super-admin/profiles/users/role/FACULTY - Msg: Invalid or expired access token: jwt expired[39m
2026-07-01 21:11:22:1122 [31merror[39m: [31m[API ERROR] Path: /api/v1/super-admin/profiles/faculty - Msg: Invalid or expired access token: jwt expired[39m
2026-07-01 21:11:22:1122 [31merror[39m: [31m[API ERROR] Path: /api/v1/super-admin/profiles/users/role/FACULTY - Msg: Invalid or expired access token: jwt expired[39m
2026-07-01 21:59:16:5916 [31merror[39m: [31m[API ERROR] Path: /api/v1/super-admin/sessions - Msg: Invalid or expired access token: jwt expired[39m
2026-07-01 21:59:16:5916 [31merror[39m: [31m[API ERROR] Path: /api/v1/super-admin/sessions - Msg: Invalid or expired access token: jwt expired[39m
2026-07-01 21:59:16:5916 [31merror[39m: [31m[API ERROR] Path: /api/v1/super-admin/sections - Msg: Invalid or expired access token: jwt expired[39m
2026-07-01 21:59:16:5916 [31merror[39m: [31m[API ERROR] Path: /api/v1/super-admin/profiles/users/role/STUDENT - Msg: Invalid or expired access token: jwt expired[39m
2026-07-01 21:59:16:5916 [31merror[39m: [31m[API ERROR] Path: /api/v1/super-admin/profiles/users/role/PARENT - Msg: Invalid or expired access token: jwt expired[39m
2026-07-01 21:59:16:5916 [31merror[39m: [31m[API ERROR] Path: /api/v1/super-admin/classes - Msg: Invalid or expired access token: jwt expired[39m
2026-07-01 21:59:16:5916 [31merror[39m: [31m[API ERROR] Path: /api/v1/super-admin/profiles/students - Msg: Invalid or expired access token: jwt expired[39m
2026-07-01 21:59:16:5916 [31merror[39m: [31m[API ERROR] Path: /api/v1/super-admin/profiles/users/role/PARENT - Msg: Invalid or expired access token: jwt expired[39m
2026-07-01 21:59:16:5916 [31merror[39m: [31m[API ERROR] Path: /api/v1/super-admin/classes - Msg: Invalid or expired access token: jwt expired[39m
2026-07-01 21:59:16:5916 [31merror[39m: [31m[API ERROR] Path: /api/v1/super-admin/sections - Msg: Invalid or expired access token: jwt expired[39m
2026-07-01 21:59:16:5916 [31merror[39m: [31m[API ERROR] Path: /api/v1/super-admin/profiles/users/role/STUDENT - Msg: Invalid or expired access token: jwt expired[39m
2026-07-01 21:59:16:5916 [31merror[39m: [31m[API ERROR] Path: /api/v1/super-admin/profiles/students - Msg: Invalid or expired access token: jwt expired[39m
2026-07-01 22:05:05:55 [31merror[39m: [31m[API ERROR] Path: /api/v1/super-admin/profiles/students - Msg: Admission number already in use[39m
2026-07-01 22:15:11:1511 [31merror[39m: [31m[API ERROR] Path: /api/v1/super-admin/profiles/admins - Msg: Invalid or expired access token: jwt expired[39m
2026-07-01 22:15:12:1512 [31merror[39m: [31m[API ERROR] Path: /api/v1/super-admin/profiles/admins - Msg: Invalid or expired access token: jwt expired[39m
2026-07-01 22:15:12:1512 [31merror[39m: [31m[API ERROR] Path: /api/v1/super-admin/profiles/users/role/ADMIN - Msg: Invalid or expired access token: jwt expired[39m
2026-07-01 22:15:12:1512 [31merror[39m: [31m[API ERROR] Path: /api/v1/super-admin/profiles/users/role/ADMIN - Msg: Invalid or expired access token: jwt expired[39m
2026-07-01 22:15:36:1536 [31merror[39m: [31mUNCAUGHT EXCEPTION! Server shutting down... Error: listen EADDRINUSE: address already in use :::5000[39m
2026-07-01 22:22:25:2225 [31merror[39m: [31m[API ERROR] Path: /api/v1/auth/change-password - Msg: Validation failed[39m
2026-07-01 22:27:38:2738 [31merror[39m: [31m[API ERROR] Path: /api/v1/auth/change-password - Msg: Validation failed[39m
2026-07-01 22:31:26:3126 [31merror[39m: [31m[API ERROR] Path: /api/v1/super-admin/users - Msg: Invalid or expired access token: jwt expired[39m
2026-07-01 22:31:26:3126 [31merror[39m: [31m[API ERROR] Path: /api/v1/super-admin/users - Msg: Invalid or expired access token: jwt expired[39m
2026-07-01 22:50:41:5041 [31merror[39m: [31m[API ERROR] Path: /api/v1/super-admin/profiles/users/role/ADMIN - Msg: Invalid or expired access token: jwt expired[39m
2026-07-01 22:50:41:5041 [31merror[39m: [31m[API ERROR] Path: /api/v1/super-admin/profiles/admins - Msg: Invalid or expired access token: jwt expired[39m
2026-07-01 22:50:41:5041 [31merror[39m: [31m[API ERROR] Path: /api/v1/super-admin/profiles/users/role/ADMIN - Msg: Invalid or expired access token: jwt expired[39m
2026-07-01 22:50:41:5041 [31merror[39m: [31m[API ERROR] Path: /api/v1/super-admin/profiles/admins - Msg: Invalid or expired access token: jwt expired[39m
2026-07-01 23:13:42:1342 [31merror[39m: [31m[API ERROR] Path: /api/v1/super-admin/users - Msg: Invalid or expired access token: jwt expired[39m
2026-07-01 23:13:42:1342 [31merror[39m: [31m[API ERROR] Path: /api/v1/super-admin/users - Msg: Invalid or expired access token: jwt expired[39m
2026-07-01 23:13:43:1343 [31merror[39m: [31mUNCAUGHT EXCEPTION! Server shutting down... Error: listen EADDRINUSE: address already in use :::5000[39m
2026-07-01 23:17:13:1713 [31merror[39m: [31mUNCAUGHT EXCEPTION! Server shutting down... Error: listen EADDRINUSE: address already in use :::5000[39m
2026-07-01 23:18:06:186 [31merror[39m: [31mUNCAUGHT EXCEPTION! Server shutting down... Error: listen EADDRINUSE: address already in use :::5000[39m
2026-07-01 23:19:41:1941 [31merror[39m: [31mUNCAUGHT EXCEPTION! Server shutting down... Error: listen EADDRINUSE: address already in use :::5000[39m
2026-07-01 23:23:06:236 [31merror[39m: [31mUNCAUGHT EXCEPTION! Server shutting down... Error: listen EADDRINUSE: address already in use :::5000[39m
2026-07-01 23:25:15:2515 [31merror[39m: [31mUNCAUGHT EXCEPTION! Server shutting down... Error: listen EADDRINUSE: address already in use :::5000[39m
2026-07-01 23:42:13:4213 [31merror[39m: [31m[API ERROR] Path: /api/v1/super-admin/profiles/users/role/ADMIN - Msg: Invalid or expired access token: jwt expired[39m
2026-07-01 23:42:14:4214 [31merror[39m: [31m[API ERROR] Path: /api/v1/super-admin/profiles/users/role/ADMIN - Msg: Invalid or expired access token: jwt expired[39m
2026-07-01 23:42:14:4214 [31merror[39m: [31m[API ERROR] Path: /api/v1/super-admin/profiles/admins - Msg: Invalid or expired access token: jwt expired[39m
2026-07-01 23:42:14:4214 [31merror[39m: [31m[API ERROR] Path: /api/v1/super-admin/profiles/admins - Msg: Invalid or expired access token: jwt expired[39m
2026-07-01 23:57:48:5748 [31merror[39m: [31m[API ERROR] Path: /api/v1/auth/logout - Msg: Invalid or expired access token: jwt expired[39m
2026-07-01 23:57:48:5748 [31merror[39m: [31m[API ERROR] Path: /api/v1/auth/refresh-token - Msg: Refresh token is missing[39m
2026-07-01 23:57:54:5754 [31merror[39m: [31m[API ERROR] Path: /api/v1/super-admin/users - Msg: Invalid or expired access token: jwt expired[39m
2026-07-01 23:57:54:5754 [31merror[39m: [31m[API ERROR] Path: /api/v1/super-admin/users - Msg: Invalid or expired access token: jwt expired[39m
